2026-01-01 19:34:32 +0000 [MT] Initial pipeline context: <IDEDistributionProcessingPipelineContext: 0xc1f4b9500; archive(resolved)="<IDEArchive: 0xc1fd17100>", distributionTask(resolved)="2", distributionDestination(resolved)="1", distributionMethod(resolved)="<IDEDistributionMethodDevelopmentSigned: 0xc1fe08cf0>", team(resolved)="<IDEProvisioningBasicTeam: 0xc1fe49840; teamID='QPGAAW2VT2', teamName='Leonardo Drake'>">
	Chain (14, self inclusive):
	<IDEDistributionProcessingPipelineContext: 0xc1f4b9500; archive = "<IDEArchive: 0xc1fd17100>", distributionMethod="<IDEDistributionMethodDevelopmentSigned: 0xc1fe08cf0>", team="<IDEProvisioningBasicTeam: 0xc1fe49840; teamID='QPGAAW2VT2', teamName='Leonardo Drake'>">
	<IDEDistributionProcessingPipelineContext: 0xc1f4b9800; archive = "<IDEArchive: 0xc1fd17100>", distributionMethod="<IDEDistributionMethodDevelopmentSigned: 0xc1fe08cf0>", team="<IDEProvisioningBasicTeam: 0xc1fe49840; teamID='QPGAAW2VT2', teamName='Leonardo Drake'>">
	<IDEDistributionContext: 0xc1d8ae580; archive = "<IDEArchive: 0xc1fd17100>", distributionMethod="<IDEDistributionMethodDevelopmentSigned: 0xc1fe08cf0>", team="<IDEProvisioningBasicTeam: 0xc1fe49840; teamID='QPGAAW2VT2', teamName='Leonardo Drake'>">
	<IDEDistributionContext: 0xc1d8ade00; archive = "<IDEArchive: 0xc1fd17100>", distributionMethod="<IDEDistributionMethodDevelopmentSigned: 0xc1fe08cf0>", team="<IDEProvisioningBasicTeam: 0xc1fe49840; teamID='QPGAAW2VT2', teamName='Leonardo Drake'>">
	<IDEDistributionContext: 0xc1d8adb80; archive = "<IDEArchive: 0xc1fd17100>", distributionMethod="<IDEDistributionMethodDevelopmentSigned: 0xc1fe08cf0>", team="<IDEProvisioningBasicTeam: 0xc1fe49840; teamID='QPGAAW2VT2', teamName='Leonardo Drake'>">
	<IDEDistributionContext: 0xc1d8ad900; archive = "<IDEArchive: 0xc1fd17100>", distributionMethod="<IDEDistributionMethodDevelopmentSigned: 0xc1fe08cf0>", team="<IDEProvisioningBasicTeam: 0xc1fe49840; teamID='QPGAAW2VT2', teamName='Leonardo Drake'>">
	<IDEDistributionContext: 0xc1d8ad400; archive = "<IDEArchive: 0xc1fd17100>", distributionMethod="<IDEDistributionMethodDevelopmentSigned: 0xc1fe08cf0>", team="<IDEProvisioningBasicTeam: 0xc1fe49840; teamID='QPGAAW2VT2', teamName='Leonardo Drake'>">
	<IDEDistributionContext: 0xc1d8ad180; archive = "<IDEArchive: 0xc1fd17100>", distributionMethod="<IDEDistributionMethodDevelopmentSigned: 0xc1fe08cf0>", team="<IDEProvisioningBasicTeam: 0xc1fe49840; teamID='QPGAAW2VT2', teamName='Leonardo Drake'>">
	<IDEDistributionContext: 0xc1d8acf00; archive = "<IDEArchive: 0xc1fd17100>", distributionMethod="<IDEDistributionMethodDevelopmentSigned: 0xc1fe08cf0>", team="<IDEProvisioningBasicTeam: 0xc1fe49840; teamID='QPGAAW2VT2', teamName='Leonardo Drake'>">
	<IDEDistributionContext: 0xc1d8acc80; archive = "<IDEArchive: 0xc1fd17100>", distributionMethod="<IDEDistributionMethodDevelopmentSigned: 0xc1fe08cf0>", team="(null)">
	<IDEDistributionContext: 0xc1d8aca00; archive = "<IDEArchive: 0xc1fd17100>", distributionMethod="<IDEDistributionMethodDevelopmentSigned: 0xc1fe08cf0>", team="(null)">
	<IDEDistributionContext: 0xc1d8ac780; archive = "<IDEArchive: 0xc1fd17100>", distributionMethod="<IDEDistributionMethodDevelopmentSigned: 0xc1fe08cf0>", team="(null)">
	<IDEDistributionContext: 0xc1d8ac000; archive = "<IDEArchive: 0xc1fd17100>", distributionMethod="<IDEDistributionMethodDevelopmentSigned: 0xc1fe08cf0>", team="(null)">
	<IDEDistributionContext: 0x10116b850; archive = "<IDEArchive: 0xc1fd17100>", distributionMethod="(null)", team="(null)">
</IDEDistributionProcessingPipelineContext: 0xc1f4b9500>
2026-01-01 19:34:32 +0000 [MT] Processing step: IDEDistributionCreateDestRootStep
2026-01-01 19:34:32 +0000 [MT] Processing step: IDEDistributionCopyItemStep
2026-01-01 19:34:32 +0000 [MT] Running /usr/bin/ditto '-V' '/Users/yaroslavyakovlev/ACoding/coding 2025/projects/Motivation/build/Motivation.xcarchive/Products/Applications/Motivation.app' '/var/folders/85/tt_xwj5s3g9_qh1c2tq5fjzm0000gn/T/XcodeDistPipeline.~~~Sjqeqc/Root/Payload/Motivation.app'
2026-01-01 19:34:32 +0000  >>> Copying /Users/yaroslavyakovlev/ACoding/coding 2025/projects/Motivation/build/Motivation.xcarchive/Products/Applications/Motivation.app 
2026-01-01 19:34:32 +0000  copying file ./_CodeSignature/CodeResources ... 
2026-01-01 19:34:32 +0000  19954 bytes for ./_CodeSignature/CodeResources
2026-01-01 19:34:32 +0000  copying file ./Firebase_FirebaseCore.bundle/PrivacyInfo.xcprivacy ... 
2026-01-01 19:34:32 +0000  855 bytes for ./Firebase_FirebaseCore.bundle/PrivacyInfo.xcprivacy
2026-01-01 19:34:32 +0000  copying file ./Firebase_FirebaseCore.bundle/Info.plist ... 
2026-01-01 19:34:32 +0000  693 bytes for ./Firebase_FirebaseCore.bundle/Info.plist
2026-01-01 19:34:32 +0000  copying file ./Firebase_FirebaseCrashlytics.bundle/PrivacyInfo.xcprivacy ... 
2026-01-01 19:34:32 +0000  1383 bytes for ./Firebase_FirebaseCrashlytics.bundle/PrivacyInfo.xcprivacy
2026-01-01 19:34:32 +0000  copying file ./Firebase_FirebaseCrashlytics.bundle/Info.plist ... 
2026-01-01 19:34:32 +0000  707 bytes for ./Firebase_FirebaseCrashlytics.bundle/Info.plist
2026-01-01 19:34:32 +0000  copying file ./en.lproj/Localizable.strings ... 
2026-01-01 19:34:32 +0000  1230 bytes for ./en.lproj/Localizable.strings
2026-01-01 19:34:32 +0000  copying file ./nanopb_nanopb.bundle/PrivacyInfo.xcprivacy ... 
2026-01-01 19:34:32 +0000  374 bytes for ./nanopb_nanopb.bundle/PrivacyInfo.xcprivacy
2026-01-01 19:34:32 +0000  copying file ./nanopb_nanopb.bundle/Info.plist ... 
2026-01-01 19:34:32 +0000  667 bytes for ./nanopb_nanopb.bundle/Info.plist
2026-01-01 19:34:32 +0000  copying file ./es.lproj/Localizable.strings ... 
2026-01-01 19:34:32 +0000  2212 bytes for ./es.lproj/Localizable.strings
2026-01-01 19:34:32 +0000  copying file ./AppIcon60x60@2x.png ... 
2026-01-01 19:34:32 +0000  9743 bytes for ./AppIcon60x60@2x.png
2026-01-01 19:34:32 +0000  copying file ./GoogleUtilities_GoogleUtilities-AppDelegateSwizzler.bundle/PrivacyInfo.xcprivacy ... 
2026-01-01 19:34:32 +0000  478 bytes for ./GoogleUtilities_GoogleUtilities-AppDelegateSwizzler.bundle/PrivacyInfo.xcprivacy
2026-01-01 19:34:32 +0000  copying file ./GoogleUtilities_GoogleUtilities-AppDelegateSwizzler.bundle/Info.plist ... 
2026-01-01 19:34:32 +0000  745 bytes for ./GoogleUtilities_GoogleUtilities-AppDelegateSwizzler.bundle/Info.plist
2026-01-01 19:34:32 +0000  copying file ./GoogleUtilities_GoogleUtilities-NSData.bundle/PrivacyInfo.xcprivacy ... 
2026-01-01 19:34:32 +0000  478 bytes for ./GoogleUtilities_GoogleUtilities-NSData.bundle/PrivacyInfo.xcprivacy
2026-01-01 19:34:32 +0000  copying file ./GoogleUtilities_GoogleUtilities-NSData.bundle/Info.plist ... 
2026-01-01 19:34:32 +0000  719 bytes for ./GoogleUtilities_GoogleUtilities-NSData.bundle/Info.plist
2026-01-01 19:34:32 +0000  copying file ./BackWitcher.mp3 ... 
2026-01-01 19:34:32 +0000  57933212 bytes for ./BackWitcher.mp3
2026-01-01 19:34:32 +0000  copying file ./Firebase_FirebaseInstallations.bundle/PrivacyInfo.xcprivacy ... 
2026-01-01 19:34:32 +0000  1105 bytes for ./Firebase_FirebaseInstallations.bundle/PrivacyInfo.xcprivacy
2026-01-01 19:34:32 +0000  copying file ./Firebase_FirebaseInstallations.bundle/Info.plist ... 
2026-01-01 19:34:32 +0000  711 bytes for ./Firebase_FirebaseInstallations.bundle/Info.plist
2026-01-01 19:34:32 +0000  copying file ./Firebase_FirebaseCoreInternal.bundle/PrivacyInfo.xcprivacy ... 
2026-01-01 19:34:32 +0000  855 bytes for ./Firebase_FirebaseCoreInternal.bundle/PrivacyInfo.xcprivacy
2026-01-01 19:34:32 +0000  copying file ./Firebase_FirebaseCoreInternal.bundle/Info.plist ... 
2026-01-01 19:34:32 +0000  709 bytes for ./Firebase_FirebaseCoreInternal.bundle/Info.plist
2026-01-01 19:34:32 +0000  copying file ./GoogleUtilities_GoogleUtilities-Logger.bundle/PrivacyInfo.xcprivacy ... 
2026-01-01 19:34:32 +0000  478 bytes for ./GoogleUtilities_GoogleUtilities-Logger.bundle/PrivacyInfo.xcprivacy
2026-01-01 19:34:32 +0000  copying file ./GoogleUtilities_GoogleUtilities-Logger.bundle/Info.plist ... 
2026-01-01 19:34:32 +0000  719 bytes for ./GoogleUtilities_GoogleUtilities-Logger.bundle/Info.plist
2026-01-01 19:34:32 +0000  copying file ./GoogleUtilities_GoogleUtilities-Reachability.bundle/PrivacyInfo.xcprivacy ... 
2026-01-01 19:34:32 +0000  478 bytes for ./GoogleUtilities_GoogleUtilities-Reachability.bundle/PrivacyInfo.xcprivacy
2026-01-01 19:34:32 +0000  copying file ./GoogleUtilities_GoogleUtilities-Reachability.bundle/Info.plist ... 
2026-01-01 19:34:32 +0000  731 bytes for ./GoogleUtilities_GoogleUtilities-Reachability.bundle/Info.plist
2026-01-01 19:34:32 +0000  copying file ./Firebase_FirebaseMessaging.bundle/PrivacyInfo.xcprivacy ... 
2026-01-01 19:34:32 +0000  2357 bytes for ./Firebase_FirebaseMessaging.bundle/PrivacyInfo.xcprivacy
2026-01-01 19:34:32 +0000  copying file ./Firebase_FirebaseMessaging.bundle/Info.plist ... 
2026-01-01 19:34:32 +0000  703 bytes for ./Firebase_FirebaseMessaging.bundle/Info.plist
2026-01-01 19:34:32 +0000  copying file ./ExportOptions.plist ... 
2026-01-01 19:34:32 +0000  183 bytes for ./ExportOptions.plist
2026-01-01 19:34:32 +0000  copying file ./GoogleDataTransport_GoogleDataTransport.bundle/PrivacyInfo.xcprivacy ... 
2026-01-01 19:34:32 +0000  1105 bytes for ./GoogleDataTransport_GoogleDataTransport.bundle/PrivacyInfo.xcprivacy
2026-01-01 19:34:32 +0000  copying file ./GoogleDataTransport_GoogleDataTransport.bundle/Info.plist ... 
2026-01-01 19:34:32 +0000  721 bytes for ./GoogleDataTransport_GoogleDataTransport.bundle/Info.plist
2026-01-01 19:34:32 +0000  copying file ./Promises_FBLPromises.bundle/PrivacyInfo.xcprivacy ... 
2026-01-01 19:34:32 +0000  373 bytes for ./Promises_FBLPromises.bundle/PrivacyInfo.xcprivacy
2026-01-01 19:34:32 +0000  copying file ./Promises_FBLPromises.bundle/Info.plist ... 
2026-01-01 19:34:32 +0000  683 bytes for ./Promises_FBLPromises.bundle/Info.plist
2026-01-01 19:34:32 +0000  copying file ./Firebase_FirebaseCrashlyticsSwift.bundle/PrivacyInfo.xcprivacy ... 
2026-01-01 19:34:32 +0000  1383 bytes for ./Firebase_FirebaseCrashlyticsSwift.bundle/PrivacyInfo.xcprivacy
2026-01-01 19:34:32 +0000  copying file ./Firebase_FirebaseCrashlyticsSwift.bundle/Info.plist ... 
2026-01-01 19:34:32 +0000  717 bytes for ./Firebase_FirebaseCrashlyticsSwift.bundle/Info.plist
2026-01-01 19:34:32 +0000  copying file ./GoogleUtilities_GoogleUtilities-Network.bundle/PrivacyInfo.xcprivacy ... 
2026-01-01 19:34:32 +0000  856 bytes for ./GoogleUtilities_GoogleUtilities-Network.bundle/PrivacyInfo.xcprivacy
2026-01-01 19:34:32 +0000  copying file ./GoogleUtilities_GoogleUtilities-Network.bundle/Info.plist ... 
2026-01-01 19:34:32 +0000  721 bytes for ./GoogleUtilities_GoogleUtilities-Network.bundle/Info.plist
2026-01-01 19:34:32 +0000  copying file ./Assets.car ... 
2026-01-01 19:34:32 +0000  620344 bytes for ./Assets.car
2026-01-01 19:34:32 +0000  copying file ./AppIcon76x76@2x~ipad.png ... 
2026-01-01 19:34:32 +0000  14678 bytes for ./AppIcon76x76@2x~ipad.png
2026-01-01 19:34:32 +0000  copying file ./Firebase_FirebaseCoreExtension.bundle/PrivacyInfo.xcprivacy ... 
2026-01-01 19:34:32 +0000  478 bytes for ./Firebase_FirebaseCoreExtension.bundle/PrivacyInfo.xcprivacy
2026-01-01 19:34:32 +0000  copying file ./Firebase_FirebaseCoreExtension.bundle/Info.plist ... 
2026-01-01 19:34:32 +0000  711 bytes for ./Firebase_FirebaseCoreExtension.bundle/Info.plist
2026-01-01 19:34:32 +0000  copying file ./PrivacyInfo.xcprivacy ... 
2026-01-01 19:34:32 +0000  2018 bytes for ./PrivacyInfo.xcprivacy
2026-01-01 19:34:32 +0000  copying file ./GoogleUtilities_GoogleUtilities-UserDefaults.bundle/PrivacyInfo.xcprivacy ... 
2026-01-01 19:34:32 +0000  911 bytes for ./GoogleUtilities_GoogleUtilities-UserDefaults.bundle/PrivacyInfo.xcprivacy
2026-01-01 19:34:32 +0000  copying file ./GoogleUtilities_GoogleUtilities-UserDefaults.bundle/Info.plist ... 
2026-01-01 19:34:32 +0000  731 bytes for ./GoogleUtilities_GoogleUtilities-UserDefaults.bundle/Info.plist
2026-01-01 19:34:32 +0000  copying file ./Promises_Promises.bundle/PrivacyInfo.xcprivacy ... 
2026-01-01 19:34:32 +0000  373 bytes for ./Promises_Promises.bundle/PrivacyInfo.xcprivacy
2026-01-01 19:34:32 +0000  copying file ./Promises_Promises.bundle/Info.plist ... 
2026-01-01 19:34:32 +0000  677 bytes for ./Promises_Promises.bundle/Info.plist
2026-01-01 19:34:32 +0000  copying file ./GoogleUtilities_GoogleUtilities-Environment.bundle/PrivacyInfo.xcprivacy ... 
2026-01-01 19:34:32 +0000  855 bytes for ./GoogleUtilities_GoogleUtilities-Environment.bundle/PrivacyInfo.xcprivacy
2026-01-01 19:34:32 +0000  copying file ./GoogleUtilities_GoogleUtilities-Environment.bundle/Info.plist ... 
2026-01-01 19:34:32 +0000  729 bytes for ./GoogleUtilities_GoogleUtilities-Environment.bundle/Info.plist
2026-01-01 19:34:32 +0000  copying file ./fr.lproj/Localizable.strings ... 
2026-01-01 19:34:32 +0000  2225 bytes for ./fr.lproj/Localizable.strings
2026-01-01 19:34:32 +0000  copying file ./Frameworks/GoogleAppMeasurement.framework/_CodeSignature/CodeResources ... 
2026-01-01 19:34:32 +0000  1798 bytes for ./Frameworks/GoogleAppMeasurement.framework/_CodeSignature/CodeResources
2026-01-01 19:34:32 +0000  copying file ./Frameworks/GoogleAppMeasurement.framework/GoogleAppMeasurement ... 
2026-01-01 19:34:32 +0000  51408 bytes for ./Frameworks/GoogleAppMeasurement.framework/GoogleAppMeasurement
2026-01-01 19:34:32 +0000  copying file ./Frameworks/GoogleAppMeasurement.framework/Info.plist ... 
2026-01-01 19:34:32 +0000  1554 bytes for ./Frameworks/GoogleAppMeasurement.framework/Info.plist
2026-01-01 19:34:32 +0000  copying file ./Frameworks/FirebaseAnalytics.framework/_CodeSignature/CodeResources ... 
2026-01-01 19:34:32 +0000  1798 bytes for ./Frameworks/FirebaseAnalytics.framework/_CodeSignature/CodeResources
2026-01-01 19:34:32 +0000  copying file ./Frameworks/FirebaseAnalytics.framework/FirebaseAnalytics ... 
2026-01-01 19:34:32 +0000  51392 bytes for ./Frameworks/FirebaseAnalytics.framework/FirebaseAnalytics
2026-01-01 19:34:32 +0000  copying file ./Frameworks/FirebaseAnalytics.framework/Info.plist ... 
2026-01-01 19:34:32 +0000  1545 bytes for ./Frameworks/FirebaseAnalytics.framework/Info.plist
2026-01-01 19:34:32 +0000  copying file ./Frameworks/GoogleAdsOnDeviceConversion.framework/_CodeSignature/CodeResources ... 
2026-01-01 19:34:32 +0000  1798 bytes for ./Frameworks/GoogleAdsOnDeviceConversion.framework/_CodeSignature/CodeResources
2026-01-01 19:34:32 +0000  copying file ./Frameworks/GoogleAdsOnDeviceConversion.framework/GoogleAdsOnDeviceConversion ... 
2026-01-01 19:34:32 +0000  51424 bytes for ./Frameworks/GoogleAdsOnDeviceConversion.framework/GoogleAdsOnDeviceConversion
2026-01-01 19:34:32 +0000  copying file ./Frameworks/GoogleAdsOnDeviceConversion.framework/Info.plist ... 
2026-01-01 19:34:32 +0000  1524 bytes for ./Frameworks/GoogleAdsOnDeviceConversion.framework/Info.plist
2026-01-01 19:34:32 +0000  copying file ./Frameworks/GoogleAppMeasurementIdentitySupport.framework/_CodeSignature/CodeResources ... 
2026-01-01 19:34:32 +0000  1798 bytes for ./Frameworks/GoogleAppMeasurementIdentitySupport.framework/_CodeSignature/CodeResources
2026-01-01 19:34:32 +0000  copying file ./Frameworks/GoogleAppMeasurementIdentitySupport.framework/GoogleAppMeasurementIdentitySupport ... 
2026-01-01 19:34:32 +0000  51440 bytes for ./Frameworks/GoogleAppMeasurementIdentitySupport.framework/GoogleAppMeasurementIdentitySupport
2026-01-01 19:34:32 +0000  copying file ./Frameworks/GoogleAppMeasurementIdentitySupport.framework/Info.plist ... 
2026-01-01 19:34:32 +0000  1599 bytes for ./Frameworks/GoogleAppMeasurementIdentitySupport.framework/Info.plist
2026-01-01 19:34:32 +0000  copying file ./Motivation.entitlements ... 
2026-01-01 19:34:32 +0000  155 bytes for ./Motivation.entitlements
2026-01-01 19:34:32 +0000  copying file ./GoogleUtilities_GoogleUtilities-MethodSwizzler.bundle/PrivacyInfo.xcprivacy ... 
2026-01-01 19:34:32 +0000  478 bytes for ./GoogleUtilities_GoogleUtilities-MethodSwizzler.bundle/PrivacyInfo.xcprivacy
2026-01-01 19:34:32 +0000  copying file ./GoogleUtilities_GoogleUtilities-MethodSwizzler.bundle/Info.plist ... 
2026-01-01 19:34:32 +0000  735 bytes for ./GoogleUtilities_GoogleUtilities-MethodSwizzler.bundle/Info.plist
2026-01-01 19:34:32 +0000  copying file ./embedded.mobileprovision ... 
2026-01-01 19:34:32 +0000  14294 bytes for ./embedded.mobileprovision
2026-01-01 19:34:32 +0000  copying file ./Info.plist ... 
2026-01-01 19:34:32 +0000  1358 bytes for ./Info.plist
2026-01-01 19:34:32 +0000  copying file ./PkgInfo ... 
2026-01-01 19:34:32 +0000  8 bytes for ./PkgInfo
2026-01-01 19:34:32 +0000  copying file ./Motivation ... 
2026-01-01 19:34:32 +0000  1945936 bytes for ./Motivation
2026-01-01 19:34:32 +0000 [MT] /usr/bin/ditto exited with 0
2026-01-01 19:34:32 +0000 [MT] Processing step: IDEDistributionEmbedProfileStep
2026-01-01 19:34:32 +0000 [MT] Skipping profile for item: <IDEDistributionItem: 0xc1d8b8e40; bundleID='org.cocoapods.FirebaseAnalytics', path='<DVTFilePath:0xc1fdf85b0:'/Users/yaroslavyakovlev/ACoding/coding 2025/projects/Motivation/build/Motivation.xcarchive/Products/Applications/Motivation.app/Frameworks/FirebaseAnalytics.framework'>', codeSigningInfo='<_DVTCodeSigningInformation_Path: 0xc1d8b8ea0; isSigned='1', isAdHocSigned='0', signingCertificate='<DVTSigningCertificate: 0xc1e32eac0; name='Apple Development: elcapitan10001@gmail.com (2UQ7Y7HJ4R)', hash='397F324F31B38643EC23C75AE13854ADDBA12111', serialNumber='775166C80B732251988A198A4B7A0E82', certificateKinds='(
    "1.2.840.113635.100.6.1.12",
    "1.2.840.113635.100.6.1.2"
), issueDate='2025-12-30 13:25:55 +0000''>', entitlements='(null)', teamID='QPGAAW2VT2', identifier='org.cocoapods.FirebaseAnalytics', executablePath='<DVTFilePath:0xc1fdf8620:'/Users/yaroslavyakovlev/ACoding/coding 2025/projects/Motivation/build/Motivation.xcarchive/Products/Applications/Motivation.app/Frameworks/FirebaseAnalytics.framework/FirebaseAnalytics'>', hardenedRuntime='0'>'>
2026-01-01 19:34:32 +0000 [MT] Skipping profile for item: <IDEDistributionItem: 0xc1d8b8d20; bundleID='com.google.ads.GoogleAdsOnDeviceConversion', path='<DVTFilePath:0xc1d8aba80:'/Users/yaroslavyakovlev/ACoding/coding 2025/projects/Motivation/build/Motivation.xcarchive/Products/Applications/Motivation.app/Frameworks/GoogleAdsOnDeviceConversion.framework'>', codeSigningInfo='<_DVTCodeSigningInformation_Path: 0xc1d8b8c00; isSigned='1', isAdHocSigned='0', signingCertificate='<DVTSigningCertificate: 0xc1e32eac0; name='Apple Development: elcapitan10001@gmail.com (2UQ7Y7HJ4R)', hash='397F324F31B38643EC23C75AE13854ADDBA12111', serialNumber='775166C80B732251988A198A4B7A0E82', certificateKinds='(
    "1.2.840.113635.100.6.1.12",
    "1.2.840.113635.100.6.1.2"
), issueDate='2025-12-30 13:25:55 +0000''>', entitlements='(null)', teamID='QPGAAW2VT2', identifier='com.google.ads.GoogleAdsOnDeviceConversion', executablePath='<DVTFilePath:0xc1fdf8690:'/Users/yaroslavyakovlev/ACoding/coding 2025/projects/Motivation/build/Motivation.xcarchive/Products/Applications/Motivation.app/Frameworks/GoogleAdsOnDeviceConversion.framework/GoogleAdsOnDeviceConversion'>', hardenedRuntime='0'>'>
2026-01-01 19:34:32 +0000 [MT] Skipping profile for item: <IDEDistributionItem: 0xc1d8b8d80; bundleID='org.cocoapods.GoogleAppMeasurement', path='<DVTFilePath:0xc1fdf8460:'/Users/yaroslavyakovlev/ACoding/coding 2025/projects/Motivation/build/Motivation.xcarchive/Products/Applications/Motivation.app/Frameworks/GoogleAppMeasurement.framework'>', codeSigningInfo='<_DVTCodeSigningInformation_Path: 0xc1d8b8de0; isSigned='1', isAdHocSigned='0', signingCertificate='<DVTSigningCertificate: 0xc1e32eac0; name='Apple Development: elcapitan10001@gmail.com (2UQ7Y7HJ4R)', hash='397F324F31B38643EC23C75AE13854ADDBA12111', serialNumber='775166C80B732251988A198A4B7A0E82', certificateKinds='(
    "1.2.840.113635.100.6.1.12",
    "1.2.840.113635.100.6.1.2"
), issueDate='2025-12-30 13:25:55 +0000''>', entitlements='(null)', teamID='QPGAAW2VT2', identifier='org.cocoapods.GoogleAppMeasurement', executablePath='<DVTFilePath:0xc1fdf84d0:'/Users/yaroslavyakovlev/ACoding/coding 2025/projects/Motivation/build/Motivation.xcarchive/Products/Applications/Motivation.app/Frameworks/GoogleAppMeasurement.framework/GoogleAppMeasurement'>', hardenedRuntime='0'>'>
2026-01-01 19:34:32 +0000 [MT] Skipping profile for item: <IDEDistributionItem: 0xc1d8b8f00; bundleID='org.cocoapods.GoogleAppMeasurementIdentitySupport', path='<DVTFilePath:0xc1d809880:'/Users/yaroslavyakovlev/ACoding/coding 2025/projects/Motivation/build/Motivation.xcarchive/Products/Applications/Motivation.app/Frameworks/GoogleAppMeasurementIdentitySupport.framework'>', codeSigningInfo='<_DVTCodeSigningInformation_Path: 0xc1d8b8f60; isSigned='1', isAdHocSigned='0', signingCertificate='<DVTSigningCertificate: 0xc1e32eac0; name='Apple Development: elcapitan10001@gmail.com (2UQ7Y7HJ4R)', hash='397F324F31B38643EC23C75AE13854ADDBA12111', serialNumber='775166C80B732251988A198A4B7A0E82', certificateKinds='(
    "1.2.840.113635.100.6.1.12",
    "1.2.840.113635.100.6.1.2"
), issueDate='2025-12-30 13:25:55 +0000''>', entitlements='(null)', teamID='QPGAAW2VT2', identifier='org.cocoapods.GoogleAppMeasurementIdentitySupport', executablePath='<DVTFilePath:0xc1d809900:'/Users/yaroslavyakovlev/ACoding/coding 2025/projects/Motivation/build/Motivation.xcarchive/Products/Applications/Motivation.app/Frameworks/GoogleAppMeasurementIdentitySupport.framework/GoogleAppMeasurementIdentitySupport'>', hardenedRuntime='0'>'>
2026-01-01 19:34:32 +0000 [MT] Processing step: IDEDistributionInfoPlistStep
2026-01-01 19:34:32 +0000 [MT] Skipping step: IDEDistributionInfoPlistStep because it said so
2026-01-01 19:34:32 +0000 [MT] Skipping step: IDEDistributionInfoPlistStep because it said so
2026-01-01 19:34:32 +0000 [MT] Skipping step: IDEDistributionInfoPlistStep because it said so
2026-01-01 19:34:32 +0000 [MT] Skipping step: IDEDistributionInfoPlistStep because it said so
2026-01-01 19:34:32 +0000 [MT] Skipping step: IDEDistributionInfoPlistStep because it said so
2026-01-01 19:34:32 +0000 [MT] Processing step: IDEDistributionAppThinningPlistStep
2026-01-01 19:34:32 +0000 [MT] Skipping step: IDEDistributionAppThinningPlistStep because it said so
2026-01-01 19:34:32 +0000 [MT] Processing step: IDEDistributionSymbolsStep
2026-01-01 19:34:32 +0000 [MT] Skipping step: IDEDistributionSymbolsStep because it said so
2026-01-01 19:34:32 +0000 [MT] Processing step: IDEDistributionAppThinningStep
2026-01-01 19:34:32 +0000 [MT] Skipping step: IDEDistributionAppThinningStep because it said so
2026-01-01 19:34:32 +0000 [MT] Processing step: IDEDistributionArchThinningStep
2026-01-01 19:34:32 +0000 [MT] Archs to thin for item /Users/yaroslavyakovlev/ACoding/coding 2025/projects/Motivation/build/Motivation.xcarchive/Products/Applications/Motivation.app/Frameworks/FirebaseAnalytics.framework are []
2026-01-01 19:34:32 +0000 [MT] Archs to thin for item /Users/yaroslavyakovlev/ACoding/coding 2025/projects/Motivation/build/Motivation.xcarchive/Products/Applications/Motivation.app/Frameworks/GoogleAdsOnDeviceConversion.framework are []
2026-01-01 19:34:32 +0000 [MT] Archs to thin for item /Users/yaroslavyakovlev/ACoding/coding 2025/projects/Motivation/build/Motivation.xcarchive/Products/Applications/Motivation.app/Frameworks/GoogleAppMeasurement.framework are []
2026-01-01 19:34:32 +0000 [MT] Archs to thin for item /Users/yaroslavyakovlev/ACoding/coding 2025/projects/Motivation/build/Motivation.xcarchive/Products/Applications/Motivation.app/Frameworks/GoogleAppMeasurementIdentitySupport.framework are []
2026-01-01 19:34:32 +0000 [MT] Archs to thin for item /Users/yaroslavyakovlev/ACoding/coding 2025/projects/Motivation/build/Motivation.xcarchive/Products/Applications/Motivation.app are []
2026-01-01 19:34:32 +0000 [MT] Processing step: IDEDistributionODRStep
2026-01-01 19:34:32 +0000 [MT] Processing step: IDEDistributionStripXattrsStep
2026-01-01 19:34:32 +0000 [MT] Skipping stripping extended attributes because the codesign step will strip them.
2026-01-01 19:34:32 +0000 [MT] Skipping stripping extended attributes because the codesign step will strip them.
2026-01-01 19:34:32 +0000 [MT] Skipping stripping extended attributes because the codesign step will strip them.
2026-01-01 19:34:32 +0000 [MT] Skipping stripping extended attributes because the codesign step will strip them.
2026-01-01 19:34:32 +0000 [MT] Skipping stripping extended attributes because the codesign step will strip them.
2026-01-01 19:34:32 +0000 [MT] Processing step: IDEDistributionCodesignStep
2026-01-01 19:34:32 +0000 [MT] Entitlements for <IDEDistributionItem: 0xc1d8b8e40; bundleID='org.cocoapods.FirebaseAnalytics', path='<DVTFilePath:0xc1fdf85b0:'/Users/yaroslavyakovlev/ACoding/coding 2025/projects/Motivation/build/Motivation.xcarchive/Products/Applications/Motivation.app/Frameworks/FirebaseAnalytics.framework'>', codeSigningInfo='<_DVTCodeSigningInformation_Path: 0xc1d8b8ea0; isSigned='1', isAdHocSigned='0', signingCertificate='<DVTSigningCertificate: 0xc1e32eac0; name='Apple Development: elcapitan10001@gmail.com (2UQ7Y7HJ4R)', hash='397F324F31B38643EC23C75AE13854ADDBA12111', serialNumber='775166C80B732251988A198A4B7A0E82', certificateKinds='(
    "1.2.840.113635.100.6.1.12",
    "1.2.840.113635.100.6.1.2"
), issueDate='2025-12-30 13:25:55 +0000''>', entitlements='(null)', teamID='QPGAAW2VT2', identifier='org.cocoapods.FirebaseAnalytics', executablePath='<DVTFilePath:0xc1fdf8620:'/Users/yaroslavyakovlev/ACoding/coding 2025/projects/Motivation/build/Motivation.xcarchive/Products/Applications/Motivation.app/Frameworks/FirebaseAnalytics.framework/FirebaseAnalytics'>', hardenedRuntime='0'>'>: {
}
2026-01-01 19:34:32 +0000 [MT] Associated App Clip Identifiers Filter: Skipping because "com.apple.developer.associated-appclip-app-identifiers" is not present
2026-01-01 19:34:32 +0000 [MT] Entitlements for <IDEDistributionItem: 0xc1d8b8e40; bundleID='org.cocoapods.FirebaseAnalytics', path='<DVTFilePath:0xc1fdf85b0:'/Users/yaroslavyakovlev/ACoding/coding 2025/projects/Motivation/build/Motivation.xcarchive/Products/Applications/Motivation.app/Frameworks/FirebaseAnalytics.framework'>', codeSigningInfo='<_DVTCodeSigningInformation_Path: 0xc1d8b8ea0; isSigned='1', isAdHocSigned='0', signingCertificate='<DVTSigningCertificate: 0xc1e32f300; name='Apple Development: elcapitan10001@gmail.com (2UQ7Y7HJ4R)', hash='397F324F31B38643EC23C75AE13854ADDBA12111', serialNumber='775166C80B732251988A198A4B7A0E82', certificateKinds='(
    "1.2.840.113635.100.6.1.12",
    "1.2.840.113635.100.6.1.2"
), issueDate='2025-12-30 13:25:55 +0000''>', entitlements='(null)', teamID='QPGAAW2VT2', identifier='org.cocoapods.FirebaseAnalytics', executablePath='<DVTFilePath:0xc1fdf8620:'/Users/yaroslavyakovlev/ACoding/coding 2025/projects/Motivation/build/Motivation.xcarchive/Products/Applications/Motivation.app/Frameworks/FirebaseAnalytics.framework/FirebaseAnalytics'>', hardenedRuntime='0'>'> are: {
}
2026-01-01 19:34:32 +0000 [MT] Writing entitlements for <IDEDistributionItem: 0xc1d8b8e40; bundleID='org.cocoapods.FirebaseAnalytics', path='<DVTFilePath:0xc1fdf85b0:'/Users/yaroslavyakovlev/ACoding/coding 2025/projects/Motivation/build/Motivation.xcarchive/Products/Applications/Motivation.app/Frameworks/FirebaseAnalytics.framework'>', codeSigningInfo='<_DVTCodeSigningInformation_Path: 0xc1d8b8ea0; isSigned='1', isAdHocSigned='0', signingCertificate='<DVTSigningCertificate: 0xc1e32f300; name='Apple Development: elcapitan10001@gmail.com (2UQ7Y7HJ4R)', hash='397F324F31B38643EC23C75AE13854ADDBA12111', serialNumber='775166C80B732251988A198A4B7A0E82', certificateKinds='(
    "1.2.840.113635.100.6.1.12",
    "1.2.840.113635.100.6.1.2"
), issueDate='2025-12-30 13:25:55 +0000''>', entitlements='(null)', teamID='QPGAAW2VT2', identifier='org.cocoapods.FirebaseAnalytics', executablePath='<DVTFilePath:0xc1fdf8620:'/Users/yaroslavyakovlev/ACoding/coding 2025/projects/Motivation/build/Motivation.xcarchive/Products/Applications/Motivation.app/Frameworks/FirebaseAnalytics.framework/FirebaseAnalytics'>', hardenedRuntime='0'>'> to: /var/folders/85/tt_xwj5s3g9_qh1c2tq5fjzm0000gn/T/XcodeDistPipeline.~~~Sjqeqc/entitlements~~~AsygsW
2026-01-01 19:34:32 +0000 [MT] invoking codesign: <NSConcreteTask: 0xc1da22300; launchPath='/usr/bin/codesign', arguments='(
    "-f",
    "-s",
    397F324F31B38643EC23C75AE13854ADDBA12111,
    "--entitlements",
    "/var/folders/85/tt_xwj5s3g9_qh1c2tq5fjzm0000gn/T/XcodeDistPipeline.~~~Sjqeqc/entitlements~~~AsygsW",
    "--preserve-metadata=identifier,flags,runtime,launch-constraints,library-constraints",
    "--generate-entitlement-der",
    "--strip-disallowed-xattrs",
    "-vvv",
    "/var/folders/85/tt_xwj5s3g9_qh1c2tq5fjzm0000gn/T/XcodeDistPipeline.~~~Sjqeqc/Root/Payload/Motivation.app/Frameworks/FirebaseAnalytics.framework"
)'>
2026-01-01 19:34:32 +0000 [MT] codesign output: /var/folders/85/tt_xwj5s3g9_qh1c2tq5fjzm0000gn/T/XcodeDistPipeline.~~~Sjqeqc/Root/Payload/Motivation.app/Frameworks/FirebaseAnalytics.framework: replacing existing signature
/var/folders/85/tt_xwj5s3g9_qh1c2tq5fjzm0000gn/T/XcodeDistPipeline.~~~Sjqeqc/Root/Payload/Motivation.app/Frameworks/FirebaseAnalytics.framework: signed bundle with Mach-O universal (arm64) [org.cocoapods.FirebaseAnalytics]
2026-01-01 19:34:32 +0000 [MT] Entitlements for <IDEDistributionItem: 0xc1d8b8d20; bundleID='com.google.ads.GoogleAdsOnDeviceConversion', path='<DVTFilePath:0xc1d8aba80:'/Users/yaroslavyakovlev/ACoding/coding 2025/projects/Motivation/build/Motivation.xcarchive/Products/Applications/Motivation.app/Frameworks/GoogleAdsOnDeviceConversion.framework'>', codeSigningInfo='<_DVTCodeSigningInformation_Path: 0xc1d8b8c00; isSigned='1', isAdHocSigned='0', signingCertificate='<DVTSigningCertificate: 0xc1e32eac0; name='Apple Development: elcapitan10001@gmail.com (2UQ7Y7HJ4R)', hash='397F324F31B38643EC23C75AE13854ADDBA12111', serialNumber='775166C80B732251988A198A4B7A0E82', certificateKinds='(
    "1.2.840.113635.100.6.1.12",
    "1.2.840.113635.100.6.1.2"
), issueDate='2025-12-30 13:25:55 +0000''>', entitlements='(null)', teamID='QPGAAW2VT2', identifier='com.google.ads.GoogleAdsOnDeviceConversion', executablePath='<DVTFilePath:0xc1fdf8690:'/Users/yaroslavyakovlev/ACoding/coding 2025/projects/Motivation/build/Motivation.xcarchive/Products/Applications/Motivation.app/Frameworks/GoogleAdsOnDeviceConversion.framework/GoogleAdsOnDeviceConversion'>', hardenedRuntime='0'>'>: {
}
2026-01-01 19:34:32 +0000 [MT] Associated App Clip Identifiers Filter: Skipping because "com.apple.developer.associated-appclip-app-identifiers" is not present
2026-01-01 19:34:32 +0000 [MT] Entitlements for <IDEDistributionItem: 0xc1d8b8d20; bundleID='com.google.ads.GoogleAdsOnDeviceConversion', path='<DVTFilePath:0xc1d8aba80:'/Users/yaroslavyakovlev/ACoding/coding 2025/projects/Motivation/build/Motivation.xcarchive/Products/Applications/Motivation.app/Frameworks/GoogleAdsOnDeviceConversion.framework'>', codeSigningInfo='<_DVTCodeSigningInformation_Path: 0xc1d8b8c00; isSigned='1', isAdHocSigned='0', signingCertificate='<DVTSigningCertificate: 0xc1e32f300; name='Apple Development: elcapitan10001@gmail.com (2UQ7Y7HJ4R)', hash='397F324F31B38643EC23C75AE13854ADDBA12111', serialNumber='775166C80B732251988A198A4B7A0E82', certificateKinds='(
    "1.2.840.113635.100.6.1.12",
    "1.2.840.113635.100.6.1.2"
), issueDate='2025-12-30 13:25:55 +0000''>', entitlements='(null)', teamID='QPGAAW2VT2', identifier='com.google.ads.GoogleAdsOnDeviceConversion', executablePath='<DVTFilePath:0xc1fdf8690:'/Users/yaroslavyakovlev/ACoding/coding 2025/projects/Motivation/build/Motivation.xcarchive/Products/Applications/Motivation.app/Frameworks/GoogleAdsOnDeviceConversion.framework/GoogleAdsOnDeviceConversion'>', hardenedRuntime='0'>'> are: {
}
2026-01-01 19:34:32 +0000 [MT] Writing entitlements for <IDEDistributionItem: 0xc1d8b8d20; bundleID='com.google.ads.GoogleAdsOnDeviceConversion', path='<DVTFilePath:0xc1d8aba80:'/Users/yaroslavyakovlev/ACoding/coding 2025/projects/Motivation/build/Motivation.xcarchive/Products/Applications/Motivation.app/Frameworks/GoogleAdsOnDeviceConversion.framework'>', codeSigningInfo='<_DVTCodeSigningInformation_Path: 0xc1d8b8c00; isSigned='1', isAdHocSigned='0', signingCertificate='<DVTSigningCertificate: 0xc1e32f300; name='Apple Development: elcapitan10001@gmail.com (2UQ7Y7HJ4R)', hash='397F324F31B38643EC23C75AE13854ADDBA12111', serialNumber='775166C80B732251988A198A4B7A0E82', certificateKinds='(
    "1.2.840.113635.100.6.1.12",
    "1.2.840.113635.100.6.1.2"
), issueDate='2025-12-30 13:25:55 +0000''>', entitlements='(null)', teamID='QPGAAW2VT2', identifier='com.google.ads.GoogleAdsOnDeviceConversion', executablePath='<DVTFilePath:0xc1fdf8690:'/Users/yaroslavyakovlev/ACoding/coding 2025/projects/Motivation/build/Motivation.xcarchive/Products/Applications/Motivation.app/Frameworks/GoogleAdsOnDeviceConversion.framework/GoogleAdsOnDeviceConversion'>', hardenedRuntime='0'>'> to: /var/folders/85/tt_xwj5s3g9_qh1c2tq5fjzm0000gn/T/XcodeDistPipeline.~~~Sjqeqc/entitlements~~~lWqrcy
2026-01-01 19:34:32 +0000 [MT] invoking codesign: <NSConcreteTask: 0xc1da22440; launchPath='/usr/bin/codesign', arguments='(
    "-f",
    "-s",
    397F324F31B38643EC23C75AE13854ADDBA12111,
    "--entitlements",
    "/var/folders/85/tt_xwj5s3g9_qh1c2tq5fjzm0000gn/T/XcodeDistPipeline.~~~Sjqeqc/entitlements~~~lWqrcy",
    "--preserve-metadata=identifier,flags,runtime,launch-constraints,library-constraints",
    "--generate-entitlement-der",
    "--strip-disallowed-xattrs",
    "-vvv",
    "/var/folders/85/tt_xwj5s3g9_qh1c2tq5fjzm0000gn/T/XcodeDistPipeline.~~~Sjqeqc/Root/Payload/Motivation.app/Frameworks/GoogleAdsOnDeviceConversion.framework"
)'>
2026-01-01 19:34:32 +0000 [MT] codesign output: /var/folders/85/tt_xwj5s3g9_qh1c2tq5fjzm0000gn/T/XcodeDistPipeline.~~~Sjqeqc/Root/Payload/Motivation.app/Frameworks/GoogleAdsOnDeviceConversion.framework: replacing existing signature
/var/folders/85/tt_xwj5s3g9_qh1c2tq5fjzm0000gn/T/XcodeDistPipeline.~~~Sjqeqc/Root/Payload/Motivation.app/Frameworks/GoogleAdsOnDeviceConversion.framework: signed bundle with Mach-O universal (arm64) [com.google.ads.GoogleAdsOnDeviceConversion]
2026-01-01 19:34:32 +0000 [MT] Entitlements for <IDEDistributionItem: 0xc1d8b8d80; bundleID='org.cocoapods.GoogleAppMeasurement', path='<DVTFilePath:0xc1fdf8460:'/Users/yaroslavyakovlev/ACoding/coding 2025/projects/Motivation/build/Motivation.xcarchive/Products/Applications/Motivation.app/Frameworks/GoogleAppMeasurement.framework'>', codeSigningInfo='<_DVTCodeSigningInformation_Path: 0xc1d8b8de0; isSigned='1', isAdHocSigned='0', signingCertificate='<DVTSigningCertificate: 0xc1e32eac0; name='Apple Development: elcapitan10001@gmail.com (2UQ7Y7HJ4R)', hash='397F324F31B38643EC23C75AE13854ADDBA12111', serialNumber='775166C80B732251988A198A4B7A0E82', certificateKinds='(
    "1.2.840.113635.100.6.1.12",
    "1.2.840.113635.100.6.1.2"
), issueDate='2025-12-30 13:25:55 +0000''>', entitlements='(null)', teamID='QPGAAW2VT2', identifier='org.cocoapods.GoogleAppMeasurement', executablePath='<DVTFilePath:0xc1fdf84d0:'/Users/yaroslavyakovlev/ACoding/coding 2025/projects/Motivation/build/Motivation.xcarchive/Products/Applications/Motivation.app/Frameworks/GoogleAppMeasurement.framework/GoogleAppMeasurement'>', hardenedRuntime='0'>'>: {
}
2026-01-01 19:34:32 +0000 [MT] Associated App Clip Identifiers Filter: Skipping because "com.apple.developer.associated-appclip-app-identifiers" is not present
2026-01-01 19:34:32 +0000 [MT] Entitlements for <IDEDistributionItem: 0xc1d8b8d80; bundleID='org.cocoapods.GoogleAppMeasurement', path='<DVTFilePath:0xc1fdf8460:'/Users/yaroslavyakovlev/ACoding/coding 2025/projects/Motivation/build/Motivation.xcarchive/Products/Applications/Motivation.app/Frameworks/GoogleAppMeasurement.framework'>', codeSigningInfo='<_DVTCodeSigningInformation_Path: 0xc1d8b8de0; isSigned='1', isAdHocSigned='0', signingCertificate='<DVTSigningCertificate: 0xc1e32f300; name='Apple Development: elcapitan10001@gmail.com (2UQ7Y7HJ4R)', hash='397F324F31B38643EC23C75AE13854ADDBA12111', serialNumber='775166C80B732251988A198A4B7A0E82', certificateKinds='(
    "1.2.840.113635.100.6.1.12",
    "1.2.840.113635.100.6.1.2"
), issueDate='2025-12-30 13:25:55 +0000''>', entitlements='(null)', teamID='QPGAAW2VT2', identifier='org.cocoapods.GoogleAppMeasurement', executablePath='<DVTFilePath:0xc1fdf84d0:'/Users/yaroslavyakovlev/ACoding/coding 2025/projects/Motivation/build/Motivation.xcarchive/Products/Applications/Motivation.app/Frameworks/GoogleAppMeasurement.framework/GoogleAppMeasurement'>', hardenedRuntime='0'>'> are: {
}
2026-01-01 19:34:32 +0000 [MT] Writing entitlements for <IDEDistributionItem: 0xc1d8b8d80; bundleID='org.cocoapods.GoogleAppMeasurement', path='<DVTFilePath:0xc1fdf8460:'/Users/yaroslavyakovlev/ACoding/coding 2025/projects/Motivation/build/Motivation.xcarchive/Products/Applications/Motivation.app/Frameworks/GoogleAppMeasurement.framework'>', codeSigningInfo='<_DVTCodeSigningInformation_Path: 0xc1d8b8de0; isSigned='1', isAdHocSigned='0', signingCertificate='<DVTSigningCertificate: 0xc1e32f300; name='Apple Development: elcapitan10001@gmail.com (2UQ7Y7HJ4R)', hash='397F324F31B38643EC23C75AE13854ADDBA12111', serialNumber='775166C80B732251988A198A4B7A0E82', certificateKinds='(
    "1.2.840.113635.100.6.1.12",
    "1.2.840.113635.100.6.1.2"
), issueDate='2025-12-30 13:25:55 +0000''>', entitlements='(null)', teamID='QPGAAW2VT2', identifier='org.cocoapods.GoogleAppMeasurement', executablePath='<DVTFilePath:0xc1fdf84d0:'/Users/yaroslavyakovlev/ACoding/coding 2025/projects/Motivation/build/Motivation.xcarchive/Products/Applications/Motivation.app/Frameworks/GoogleAppMeasurement.framework/GoogleAppMeasurement'>', hardenedRuntime='0'>'> to: /var/folders/85/tt_xwj5s3g9_qh1c2tq5fjzm0000gn/T/XcodeDistPipeline.~~~Sjqeqc/entitlements~~~G54ikZ
2026-01-01 19:34:32 +0000 [MT] invoking codesign: <NSConcreteTask: 0xc1da22440; launchPath='/usr/bin/codesign', arguments='(
    "-f",
    "-s",
    397F324F31B38643EC23C75AE13854ADDBA12111,
    "--entitlements",
    "/var/folders/85/tt_xwj5s3g9_qh1c2tq5fjzm0000gn/T/XcodeDistPipeline.~~~Sjqeqc/entitlements~~~G54ikZ",
    "--preserve-metadata=identifier,flags,runtime,launch-constraints,library-constraints",
    "--generate-entitlement-der",
    "--strip-disallowed-xattrs",
    "-vvv",
    "/var/folders/85/tt_xwj5s3g9_qh1c2tq5fjzm0000gn/T/XcodeDistPipeline.~~~Sjqeqc/Root/Payload/Motivation.app/Frameworks/GoogleAppMeasurement.framework"
)'>
2026-01-01 19:34:32 +0000 [MT] codesign output: /var/folders/85/tt_xwj5s3g9_qh1c2tq5fjzm0000gn/T/XcodeDistPipeline.~~~Sjqeqc/Root/Payload/Motivation.app/Frameworks/GoogleAppMeasurement.framework: replacing existing signature
/var/folders/85/tt_xwj5s3g9_qh1c2tq5fjzm0000gn/T/XcodeDistPipeline.~~~Sjqeqc/Root/Payload/Motivation.app/Frameworks/GoogleAppMeasurement.framework: signed bundle with Mach-O universal (arm64) [org.cocoapods.GoogleAppMeasurement]
2026-01-01 19:34:32 +0000 [MT] Entitlements for <IDEDistributionItem: 0xc1d8b8f00; bundleID='org.cocoapods.GoogleAppMeasurementIdentitySupport', path='<DVTFilePath:0xc1d809880:'/Users/yaroslavyakovlev/ACoding/coding 2025/projects/Motivation/build/Motivation.xcarchive/Products/Applications/Motivation.app/Frameworks/GoogleAppMeasurementIdentitySupport.framework'>', codeSigningInfo='<_DVTCodeSigningInformation_Path: 0xc1d8b8f60; isSigned='1', isAdHocSigned='0', signingCertificate='<DVTSigningCertificate: 0xc1e32eac0; name='Apple Development: elcapitan10001@gmail.com (2UQ7Y7HJ4R)', hash='397F324F31B38643EC23C75AE13854ADDBA12111', serialNumber='775166C80B732251988A198A4B7A0E82', certificateKinds='(
    "1.2.840.113635.100.6.1.12",
    "1.2.840.113635.100.6.1.2"
), issueDate='2025-12-30 13:25:55 +0000''>', entitlements='(null)', teamID='QPGAAW2VT2', identifier='org.cocoapods.GoogleAppMeasurementIdentitySupport', executablePath='<DVTFilePath:0xc1d809900:'/Users/yaroslavyakovlev/ACoding/coding 2025/projects/Motivation/build/Motivation.xcarchive/Products/Applications/Motivation.app/Frameworks/GoogleAppMeasurementIdentitySupport.framework/GoogleAppMeasurementIdentitySupport'>', hardenedRuntime='0'>'>: {
}
2026-01-01 19:34:32 +0000 [MT] Associated App Clip Identifiers Filter: Skipping because "com.apple.developer.associated-appclip-app-identifiers" is not present
2026-01-01 19:34:32 +0000 [MT] Entitlements for <IDEDistributionItem: 0xc1d8b8f00; bundleID='org.cocoapods.GoogleAppMeasurementIdentitySupport', path='<DVTFilePath:0xc1d809880:'/Users/yaroslavyakovlev/ACoding/coding 2025/projects/Motivation/build/Motivation.xcarchive/Products/Applications/Motivation.app/Frameworks/GoogleAppMeasurementIdentitySupport.framework'>', codeSigningInfo='<_DVTCodeSigningInformation_Path: 0xc1d8b8f60; isSigned='1', isAdHocSigned='0', signingCertificate='<DVTSigningCertificate: 0xc1e32f300; name='Apple Development: elcapitan10001@gmail.com (2UQ7Y7HJ4R)', hash='397F324F31B38643EC23C75AE13854ADDBA12111', serialNumber='775166C80B732251988A198A4B7A0E82', certificateKinds='(
    "1.2.840.113635.100.6.1.12",
    "1.2.840.113635.100.6.1.2"
), issueDate='2025-12-30 13:25:55 +0000''>', entitlements='(null)', teamID='QPGAAW2VT2', identifier='org.cocoapods.GoogleAppMeasurementIdentitySupport', executablePath='<DVTFilePath:0xc1d809900:'/Users/yaroslavyakovlev/ACoding/coding 2025/projects/Motivation/build/Motivation.xcarchive/Products/Applications/Motivation.app/Frameworks/GoogleAppMeasurementIdentitySupport.framework/GoogleAppMeasurementIdentitySupport'>', hardenedRuntime='0'>'> are: {
}
2026-01-01 19:34:32 +0000 [MT] Writing entitlements for <IDEDistributionItem: 0xc1d8b8f00; bundleID='org.cocoapods.GoogleAppMeasurementIdentitySupport', path='<DVTFilePath:0xc1d809880:'/Users/yaroslavyakovlev/ACoding/coding 2025/projects/Motivation/build/Motivation.xcarchive/Products/Applications/Motivation.app/Frameworks/GoogleAppMeasurementIdentitySupport.framework'>', codeSigningInfo='<_DVTCodeSigningInformation_Path: 0xc1d8b8f60; isSigned='1', isAdHocSigned='0', signingCertificate='<DVTSigningCertificate: 0xc1e32f300; name='Apple Development: elcapitan10001@gmail.com (2UQ7Y7HJ4R)', hash='397F324F31B38643EC23C75AE13854ADDBA12111', serialNumber='775166C80B732251988A198A4B7A0E82', certificateKinds='(
    "1.2.840.113635.100.6.1.12",
    "1.2.840.113635.100.6.1.2"
), issueDate='2025-12-30 13:25:55 +0000''>', entitlements='(null)', teamID='QPGAAW2VT2', identifier='org.cocoapods.GoogleAppMeasurementIdentitySupport', executablePath='<DVTFilePath:0xc1d809900:'/Users/yaroslavyakovlev/ACoding/coding 2025/projects/Motivation/build/Motivation.xcarchive/Products/Applications/Motivation.app/Frameworks/GoogleAppMeasurementIdentitySupport.framework/GoogleAppMeasurementIdentitySupport'>', hardenedRuntime='0'>'> to: /var/folders/85/tt_xwj5s3g9_qh1c2tq5fjzm0000gn/T/XcodeDistPipeline.~~~Sjqeqc/entitlements~~~U4mrNP
2026-01-01 19:34:32 +0000 [MT] invoking codesign: <NSConcreteTask: 0xc1da22440; launchPath='/usr/bin/codesign', arguments='(
    "-f",
    "-s",
    397F324F31B38643EC23C75AE13854ADDBA12111,
    "--entitlements",
    "/var/folders/85/tt_xwj5s3g9_qh1c2tq5fjzm0000gn/T/XcodeDistPipeline.~~~Sjqeqc/entitlements~~~U4mrNP",
    "--preserve-metadata=identifier,flags,runtime,launch-constraints,library-constraints",
    "--generate-entitlement-der",
    "--strip-disallowed-xattrs",
    "-vvv",
    "/var/folders/85/tt_xwj5s3g9_qh1c2tq5fjzm0000gn/T/XcodeDistPipeline.~~~Sjqeqc/Root/Payload/Motivation.app/Frameworks/GoogleAppMeasurementIdentitySupport.framework"
)'>
2026-01-01 19:34:33 +0000 [MT] codesign output: /var/folders/85/tt_xwj5s3g9_qh1c2tq5fjzm0000gn/T/XcodeDistPipeline.~~~Sjqeqc/Root/Payload/Motivation.app/Frameworks/GoogleAppMeasurementIdentitySupport.framework: replacing existing signature
/var/folders/85/tt_xwj5s3g9_qh1c2tq5fjzm0000gn/T/XcodeDistPipeline.~~~Sjqeqc/Root/Payload/Motivation.app/Frameworks/GoogleAppMeasurementIdentitySupport.framework: signed bundle with Mach-O universal (arm64) [org.cocoapods.GoogleAppMeasurementIdentitySupport]
2026-01-01 19:34:33 +0000 [MT] Entitlements for <IDEDistributionItem: 0xc1d8b8fc0; bundleID='Leonardo.Motivation', path='<DVTFilePath:0xc1e3e31e0:'/Users/yaroslavyakovlev/ACoding/coding 2025/projects/Motivation/build/Motivation.xcarchive/Products/Applications/Motivation.app'>', codeSigningInfo='<_DVTCodeSigningInformation_Path: 0xc1d8b9020; isSigned='1', isAdHocSigned='0', signingCertificate='<DVTSigningCertificate: 0xc1e32eac0; name='Apple Development: elcapitan10001@gmail.com (2UQ7Y7HJ4R)', hash='397F324F31B38643EC23C75AE13854ADDBA12111', serialNumber='775166C80B732251988A198A4B7A0E82', certificateKinds='(
    "1.2.840.113635.100.6.1.12",
    "1.2.840.113635.100.6.1.2"
), issueDate='2025-12-30 13:25:55 +0000''>', entitlements='{
    "application-identifier" = "QPGAAW2VT2.Leonardo.Motivation";
    "com.apple.developer.team-identifier" = QPGAAW2VT2;
    "get-task-allow" = 1;
}', teamID='QPGAAW2VT2', identifier='Leonardo.Motivation', executablePath='<DVTFilePath:0xc1d8b88a0:'/Users/yaroslavyakovlev/ACoding/coding 2025/projects/Motivation/build/Motivation.xcarchive/Products/Applications/Motivation.app/Motivation'>', hardenedRuntime='0'>'>: {
    "application-identifier" = "QPGAAW2VT2.Leonardo.Motivation";
    "com.apple.developer.team-identifier" = QPGAAW2VT2;
    "get-task-allow" = 1;
}
2026-01-01 19:34:33 +0000 [MT] Associated App Clip Identifiers Filter: Skipping because "com.apple.developer.associated-appclip-app-identifiers" is not present
2026-01-01 19:34:33 +0000 [MT] Entitlements for <IDEDistributionItem: 0xc1d8b8fc0; bundleID='Leonardo.Motivation', path='<DVTFilePath:0xc1e3e31e0:'/Users/yaroslavyakovlev/ACoding/coding 2025/projects/Motivation/build/Motivation.xcarchive/Products/Applications/Motivation.app'>', codeSigningInfo='<_DVTCodeSigningInformation_Path: 0xc1d8b9020; isSigned='1', isAdHocSigned='0', signingCertificate='<DVTSigningCertificate: 0xc1e32f300; name='Apple Development: elcapitan10001@gmail.com (2UQ7Y7HJ4R)', hash='397F324F31B38643EC23C75AE13854ADDBA12111', serialNumber='775166C80B732251988A198A4B7A0E82', certificateKinds='(
    "1.2.840.113635.100.6.1.12",
    "1.2.840.113635.100.6.1.2"
), issueDate='2025-12-30 13:25:55 +0000''>', entitlements='{
    "application-identifier" = "QPGAAW2VT2.Leonardo.Motivation";
    "com.apple.developer.team-identifier" = QPGAAW2VT2;
    "get-task-allow" = 1;
}', teamID='QPGAAW2VT2', identifier='Leonardo.Motivation', executablePath='<DVTFilePath:0xc1d8b88a0:'/Users/yaroslavyakovlev/ACoding/coding 2025/projects/Motivation/build/Motivation.xcarchive/Products/Applications/Motivation.app/Motivation'>', hardenedRuntime='0'>'> are: {
    "application-identifier" = "QPGAAW2VT2.Leonardo.Motivation";
    "com.apple.developer.team-identifier" = QPGAAW2VT2;
    "get-task-allow" = 1;
}
2026-01-01 19:34:33 +0000 [MT] Writing entitlements for <IDEDistributionItem: 0xc1d8b8fc0; bundleID='Leonardo.Motivation', path='<DVTFilePath:0xc1e3e31e0:'/Users/yaroslavyakovlev/ACoding/coding 2025/projects/Motivation/build/Motivation.xcarchive/Products/Applications/Motivation.app'>', codeSigningInfo='<_DVTCodeSigningInformation_Path: 0xc1d8b9020; isSigned='1', isAdHocSigned='0', signingCertificate='<DVTSigningCertificate: 0xc1e32f300; name='Apple Development: elcapitan10001@gmail.com (2UQ7Y7HJ4R)', hash='397F324F31B38643EC23C75AE13854ADDBA12111', serialNumber='775166C80B732251988A198A4B7A0E82', certificateKinds='(
    "1.2.840.113635.100.6.1.12",
    "1.2.840.113635.100.6.1.2"
), issueDate='2025-12-30 13:25:55 +0000''>', entitlements='{
    "application-identifier" = "QPGAAW2VT2.Leonardo.Motivation";
    "com.apple.developer.team-identifier" = QPGAAW2VT2;
    "get-task-allow" = 1;
}', teamID='QPGAAW2VT2', identifier='Leonardo.Motivation', executablePath='<DVTFilePath:0xc1d8b88a0:'/Users/yaroslavyakovlev/ACoding/coding 2025/projects/Motivation/build/Motivation.xcarchive/Products/Applications/Motivation.app/Motivation'>', hardenedRuntime='0'>'> to: /var/folders/85/tt_xwj5s3g9_qh1c2tq5fjzm0000gn/T/XcodeDistPipeline.~~~Sjqeqc/entitlements~~~xfIvIb
2026-01-01 19:34:33 +0000 [MT] invoking codesign: <NSConcreteTask: 0xc1da22440; launchPath='/usr/bin/codesign', arguments='(
    "-f",
    "-s",
    397F324F31B38643EC23C75AE13854ADDBA12111,
    "--entitlements",
    "/var/folders/85/tt_xwj5s3g9_qh1c2tq5fjzm0000gn/T/XcodeDistPipeline.~~~Sjqeqc/entitlements~~~xfIvIb",
    "--preserve-metadata=identifier,flags,runtime,launch-constraints,library-constraints",
    "--generate-entitlement-der",
    "--strip-disallowed-xattrs",
    "-vvv",
    "/var/folders/85/tt_xwj5s3g9_qh1c2tq5fjzm0000gn/T/XcodeDistPipeline.~~~Sjqeqc/Root/Payload/Motivation.app"
)'>
2026-01-01 19:34:33 +0000 [MT] codesign output: /var/folders/85/tt_xwj5s3g9_qh1c2tq5fjzm0000gn/T/XcodeDistPipeline.~~~Sjqeqc/Root/Payload/Motivation.app: replacing existing signature
/var/folders/85/tt_xwj5s3g9_qh1c2tq5fjzm0000gn/T/XcodeDistPipeline.~~~Sjqeqc/Root/Payload/Motivation.app: signed app bundle with Mach-O thin (arm64) [Leonardo.Motivation]
2026-01-01 19:34:33 +0000 [MT] Processing step: IDEDistributionZipODRItemStep
2026-01-01 19:34:33 +0000 [MT] Skipping step: IDEDistributionZipODRItemStep because it said so
2026-01-01 19:34:33 +0000 [MT] Skipping step: IDEDistributionZipODRItemStep because it said so
2026-01-01 19:34:33 +0000 [MT] Skipping step: IDEDistributionZipODRItemStep because it said so
2026-01-01 19:34:33 +0000 [MT] Skipping step: IDEDistributionZipODRItemStep because it said so
2026-01-01 19:34:33 +0000 [MT] Skipping step: IDEDistributionZipODRItemStep because it said so
2026-01-01 19:34:33 +0000 [MT] Processing step: IDEDistributionCreateIPAStep
2026-01-01 19:34:33 +0000 [MT] Running /usr/bin/ditto '-V' '-c' '-k' '--norsrc' '/var/folders/85/tt_xwj5s3g9_qh1c2tq5fjzm0000gn/T/XcodeDistPipeline.~~~Sjqeqc/Root' '/var/folders/85/tt_xwj5s3g9_qh1c2tq5fjzm0000gn/T/XcodeDistPipeline.~~~Sjqeqc/Packages/Motivation.ipa'
2026-01-01 19:34:33 +0000  >>> Copying /var/folders/85/tt_xwj5s3g9_qh1c2tq5fjzm0000gn/T/XcodeDistPipeline.~~~Sjqeqc/Root 
2026-01-01 19:34:33 +0000  copying file ./Payload/Motivation.app/_CodeSignature/CodeResources ... 
2026-01-01 19:34:33 +0000  19954 bytes for ./Payload/Motivation.app/_CodeSignature/CodeResources
2026-01-01 19:34:33 +0000  copying file ./Payload/Motivation.app/Firebase_FirebaseCore.bundle/PrivacyInfo.xcprivacy ... 
2026-01-01 19:34:33 +0000  855 bytes for ./Payload/Motivation.app/Firebase_FirebaseCore.bundle/PrivacyInfo.xcprivacy
2026-01-01 19:34:33 +0000  copying file ./Payload/Motivation.app/Firebase_FirebaseCore.bundle/Info.plist ... 
2026-01-01 19:34:33 +0000  693 bytes for ./Payload/Motivation.app/Firebase_FirebaseCore.bundle/Info.plist
2026-01-01 19:34:33 +0000  copying file ./Payload/Motivation.app/Firebase_FirebaseCrashlytics.bundle/PrivacyInfo.xcprivacy ... 
2026-01-01 19:34:33 +0000  1383 bytes for ./Payload/Motivation.app/Firebase_FirebaseCrashlytics.bundle/PrivacyInfo.xcprivacy
2026-01-01 19:34:33 +0000  copying file ./Payload/Motivation.app/Firebase_FirebaseCrashlytics.bundle/Info.plist ... 
2026-01-01 19:34:33 +0000  707 bytes for ./Payload/Motivation.app/Firebase_FirebaseCrashlytics.bundle/Info.plist
2026-01-01 19:34:33 +0000  copying file ./Payload/Motivation.app/en.lproj/Localizable.strings ... 
2026-01-01 19:34:33 +0000  1230 bytes for ./Payload/Motivation.app/en.lproj/Localizable.strings
2026-01-01 19:34:33 +0000  copying file ./Payload/Motivation.app/nanopb_nanopb.bundle/PrivacyInfo.xcprivacy ... 
2026-01-01 19:34:33 +0000  374 bytes for ./Payload/Motivation.app/nanopb_nanopb.bundle/PrivacyInfo.xcprivacy
2026-01-01 19:34:33 +0000  copying file ./Payload/Motivation.app/nanopb_nanopb.bundle/Info.plist ... 
2026-01-01 19:34:33 +0000  667 bytes for ./Payload/Motivation.app/nanopb_nanopb.bundle/Info.plist
2026-01-01 19:34:33 +0000  copying file ./Payload/Motivation.app/es.lproj/Localizable.strings ... 
2026-01-01 19:34:33 +0000  2212 bytes for ./Payload/Motivation.app/es.lproj/Localizable.strings
2026-01-01 19:34:33 +0000  copying file ./Payload/Motivation.app/AppIcon60x60@2x.png ... 
2026-01-01 19:34:33 +0000  9743 bytes for ./Payload/Motivation.app/AppIcon60x60@2x.png
2026-01-01 19:34:33 +0000  copying file ./Payload/Motivation.app/GoogleUtilities_GoogleUtilities-AppDelegateSwizzler.bundle/PrivacyInfo.xcprivacy ... 
2026-01-01 19:34:33 +0000  478 bytes for ./Payload/Motivation.app/GoogleUtilities_GoogleUtilities-AppDelegateSwizzler.bundle/PrivacyInfo.xcprivacy
2026-01-01 19:34:33 +0000  copying file ./Payload/Motivation.app/GoogleUtilities_GoogleUtilities-AppDelegateSwizzler.bundle/Info.plist ... 
2026-01-01 19:34:33 +0000  745 bytes for ./Payload/Motivation.app/GoogleUtilities_GoogleUtilities-AppDelegateSwizzler.bundle/Info.plist
2026-01-01 19:34:33 +0000  copying file ./Payload/Motivation.app/GoogleUtilities_GoogleUtilities-NSData.bundle/PrivacyInfo.xcprivacy ... 
2026-01-01 19:34:33 +0000  478 bytes for ./Payload/Motivation.app/GoogleUtilities_GoogleUtilities-NSData.bundle/PrivacyInfo.xcprivacy
2026-01-01 19:34:33 +0000  copying file ./Payload/Motivation.app/GoogleUtilities_GoogleUtilities-NSData.bundle/Info.plist ... 
2026-01-01 19:34:33 +0000  719 bytes for ./Payload/Motivation.app/GoogleUtilities_GoogleUtilities-NSData.bundle/Info.plist
2026-01-01 19:34:33 +0000  copying file ./Payload/Motivation.app/BackWitcher.mp3 ... 
2026-01-01 19:34:35 +0000  57933212 bytes for ./Payload/Motivation.app/BackWitcher.mp3
2026-01-01 19:34:35 +0000  copying file ./Payload/Motivation.app/Firebase_FirebaseInstallations.bundle/PrivacyInfo.xcprivacy ... 
2026-01-01 19:34:35 +0000  1105 bytes for ./Payload/Motivation.app/Firebase_FirebaseInstallations.bundle/PrivacyInfo.xcprivacy
2026-01-01 19:34:35 +0000  copying file ./Payload/Motivation.app/Firebase_FirebaseInstallations.bundle/Info.plist ... 
2026-01-01 19:34:35 +0000  711 bytes for ./Payload/Motivation.app/Firebase_FirebaseInstallations.bundle/Info.plist
2026-01-01 19:34:35 +0000  copying file ./Payload/Motivation.app/Firebase_FirebaseCoreInternal.bundle/PrivacyInfo.xcprivacy ... 
2026-01-01 19:34:35 +0000  855 bytes for ./Payload/Motivation.app/Firebase_FirebaseCoreInternal.bundle/PrivacyInfo.xcprivacy
2026-01-01 19:34:35 +0000  copying file ./Payload/Motivation.app/Firebase_FirebaseCoreInternal.bundle/Info.plist ... 
2026-01-01 19:34:35 +0000  709 bytes for ./Payload/Motivation.app/Firebase_FirebaseCoreInternal.bundle/Info.plist
2026-01-01 19:34:35 +0000  copying file ./Payload/Motivation.app/GoogleUtilities_GoogleUtilities-Logger.bundle/PrivacyInfo.xcprivacy ... 
2026-01-01 19:34:35 +0000  478 bytes for ./Payload/Motivation.app/GoogleUtilities_GoogleUtilities-Logger.bundle/PrivacyInfo.xcprivacy
2026-01-01 19:34:35 +0000  copying file ./Payload/Motivation.app/GoogleUtilities_GoogleUtilities-Logger.bundle/Info.plist ... 
2026-01-01 19:34:35 +0000  719 bytes for ./Payload/Motivation.app/GoogleUtilities_GoogleUtilities-Logger.bundle/Info.plist
2026-01-01 19:34:35 +0000  copying file ./Payload/Motivation.app/GoogleUtilities_GoogleUtilities-Reachability.bundle/PrivacyInfo.xcprivacy ... 
2026-01-01 19:34:35 +0000  478 bytes for ./Payload/Motivation.app/GoogleUtilities_GoogleUtilities-Reachability.bundle/PrivacyInfo.xcprivacy
2026-01-01 19:34:35 +0000  copying file ./Payload/Motivation.app/GoogleUtilities_GoogleUtilities-Reachability.bundle/Info.plist ... 
2026-01-01 19:34:35 +0000  731 bytes for ./Payload/Motivation.app/GoogleUtilities_GoogleUtilities-Reachability.bundle/Info.plist
2026-01-01 19:34:35 +0000  copying file ./Payload/Motivation.app/Firebase_FirebaseMessaging.bundle/PrivacyInfo.xcprivacy ... 
2026-01-01 19:34:35 +0000  2357 bytes for ./Payload/Motivation.app/Firebase_FirebaseMessaging.bundle/PrivacyInfo.xcprivacy
2026-01-01 19:34:35 +0000  copying file ./Payload/Motivation.app/Firebase_FirebaseMessaging.bundle/Info.plist ... 
2026-01-01 19:34:35 +0000  703 bytes for ./Payload/Motivation.app/Firebase_FirebaseMessaging.bundle/Info.plist
2026-01-01 19:34:35 +0000  copying file ./Payload/Motivation.app/ExportOptions.plist ... 
2026-01-01 19:34:35 +0000  183 bytes for ./Payload/Motivation.app/ExportOptions.plist
2026-01-01 19:34:35 +0000  copying file ./Payload/Motivation.app/GoogleDataTransport_GoogleDataTransport.bundle/PrivacyInfo.xcprivacy ... 
2026-01-01 19:34:35 +0000  1105 bytes for ./Payload/Motivation.app/GoogleDataTransport_GoogleDataTransport.bundle/PrivacyInfo.xcprivacy
2026-01-01 19:34:35 +0000  copying file ./Payload/Motivation.app/GoogleDataTransport_GoogleDataTransport.bundle/Info.plist ... 
2026-01-01 19:34:35 +0000  721 bytes for ./Payload/Motivation.app/GoogleDataTransport_GoogleDataTransport.bundle/Info.plist
2026-01-01 19:34:35 +0000  copying file ./Payload/Motivation.app/Promises_FBLPromises.bundle/PrivacyInfo.xcprivacy ... 
2026-01-01 19:34:35 +0000  373 bytes for ./Payload/Motivation.app/Promises_FBLPromises.bundle/PrivacyInfo.xcprivacy
2026-01-01 19:34:35 +0000  copying file ./Payload/Motivation.app/Promises_FBLPromises.bundle/Info.plist ... 
2026-01-01 19:34:35 +0000  683 bytes for ./Payload/Motivation.app/Promises_FBLPromises.bundle/Info.plist
2026-01-01 19:34:35 +0000  copying file ./Payload/Motivation.app/Firebase_FirebaseCrashlyticsSwift.bundle/PrivacyInfo.xcprivacy ... 
2026-01-01 19:34:35 +0000  1383 bytes for ./Payload/Motivation.app/Firebase_FirebaseCrashlyticsSwift.bundle/PrivacyInfo.xcprivacy
2026-01-01 19:34:35 +0000  copying file ./Payload/Motivation.app/Firebase_FirebaseCrashlyticsSwift.bundle/Info.plist ... 
2026-01-01 19:34:35 +0000  717 bytes for ./Payload/Motivation.app/Firebase_FirebaseCrashlyticsSwift.bundle/Info.plist
2026-01-01 19:34:35 +0000  copying file ./Payload/Motivation.app/GoogleUtilities_GoogleUtilities-Network.bundle/PrivacyInfo.xcprivacy ... 
2026-01-01 19:34:35 +0000  856 bytes for ./Payload/Motivation.app/GoogleUtilities_GoogleUtilities-Network.bundle/PrivacyInfo.xcprivacy
2026-01-01 19:34:35 +0000  copying file ./Payload/Motivation.app/GoogleUtilities_GoogleUtilities-Network.bundle/Info.plist ... 
2026-01-01 19:34:35 +0000  721 bytes for ./Payload/Motivation.app/GoogleUtilities_GoogleUtilities-Network.bundle/Info.plist
2026-01-01 19:34:35 +0000  copying file ./Payload/Motivation.app/Assets.car ... 
2026-01-01 19:34:35 +0000  620344 bytes for ./Payload/Motivation.app/Assets.car
2026-01-01 19:34:35 +0000  copying file ./Payload/Motivation.app/AppIcon76x76@2x~ipad.png ... 
2026-01-01 19:34:35 +0000  14678 bytes for ./Payload/Motivation.app/AppIcon76x76@2x~ipad.png
2026-01-01 19:34:35 +0000  copying file ./Payload/Motivation.app/Firebase_FirebaseCoreExtension.bundle/PrivacyInfo.xcprivacy ... 
2026-01-01 19:34:35 +0000  478 bytes for ./Payload/Motivation.app/Firebase_FirebaseCoreExtension.bundle/PrivacyInfo.xcprivacy
2026-01-01 19:34:35 +0000  copying file ./Payload/Motivation.app/Firebase_FirebaseCoreExtension.bundle/Info.plist ... 
2026-01-01 19:34:35 +0000  711 bytes for ./Payload/Motivation.app/Firebase_FirebaseCoreExtension.bundle/Info.plist
2026-01-01 19:34:35 +0000  copying file ./Payload/Motivation.app/PrivacyInfo.xcprivacy ... 
2026-01-01 19:34:35 +0000  2018 bytes for ./Payload/Motivation.app/PrivacyInfo.xcprivacy
2026-01-01 19:34:35 +0000  copying file ./Payload/Motivation.app/GoogleUtilities_GoogleUtilities-UserDefaults.bundle/PrivacyInfo.xcprivacy ... 
2026-01-01 19:34:35 +0000  911 bytes for ./Payload/Motivation.app/GoogleUtilities_GoogleUtilities-UserDefaults.bundle/PrivacyInfo.xcprivacy
2026-01-01 19:34:35 +0000  copying file ./Payload/Motivation.app/GoogleUtilities_GoogleUtilities-UserDefaults.bundle/Info.plist ... 
2026-01-01 19:34:35 +0000  731 bytes for ./Payload/Motivation.app/GoogleUtilities_GoogleUtilities-UserDefaults.bundle/Info.plist
2026-01-01 19:34:35 +0000  copying file ./Payload/Motivation.app/Promises_Promises.bundle/PrivacyInfo.xcprivacy ... 
2026-01-01 19:34:35 +0000  373 bytes for ./Payload/Motivation.app/Promises_Promises.bundle/PrivacyInfo.xcprivacy
2026-01-01 19:34:35 +0000  copying file ./Payload/Motivation.app/Promises_Promises.bundle/Info.plist ... 
2026-01-01 19:34:35 +0000  677 bytes for ./Payload/Motivation.app/Promises_Promises.bundle/Info.plist
2026-01-01 19:34:35 +0000  copying file ./Payload/Motivation.app/GoogleUtilities_GoogleUtilities-Environment.bundle/PrivacyInfo.xcprivacy ... 
2026-01-01 19:34:35 +0000  855 bytes for ./Payload/Motivation.app/GoogleUtilities_GoogleUtilities-Environment.bundle/PrivacyInfo.xcprivacy
2026-01-01 19:34:35 +0000  copying file ./Payload/Motivation.app/GoogleUtilities_GoogleUtilities-Environment.bundle/Info.plist ... 
2026-01-01 19:34:35 +0000  729 bytes for ./Payload/Motivation.app/GoogleUtilities_GoogleUtilities-Environment.bundle/Info.plist
2026-01-01 19:34:35 +0000  copying file ./Payload/Motivation.app/fr.lproj/Localizable.strings ... 
2026-01-01 19:34:35 +0000  2225 bytes for ./Payload/Motivation.app/fr.lproj/Localizable.strings
2026-01-01 19:34:35 +0000  copying file ./Payload/Motivation.app/Frameworks/GoogleAppMeasurement.framework/_CodeSignature/CodeResources ... 
2026-01-01 19:34:35 +0000  1798 bytes for ./Payload/Motivation.app/Frameworks/GoogleAppMeasurement.framework/_CodeSignature/CodeResources
2026-01-01 19:34:35 +0000  copying file ./Payload/Motivation.app/Frameworks/GoogleAppMeasurement.framework/GoogleAppMeasurement ... 
2026-01-01 19:34:35 +0000  51408 bytes for ./Payload/Motivation.app/Frameworks/GoogleAppMeasurement.framework/GoogleAppMeasurement
2026-01-01 19:34:35 +0000  copying file ./Payload/Motivation.app/Frameworks/GoogleAppMeasurement.framework/Info.plist ... 
2026-01-01 19:34:35 +0000  1554 bytes for ./Payload/Motivation.app/Frameworks/GoogleAppMeasurement.framework/Info.plist
2026-01-01 19:34:35 +0000  copying file ./Payload/Motivation.app/Frameworks/FirebaseAnalytics.framework/_CodeSignature/CodeResources ... 
2026-01-01 19:34:35 +0000  1798 bytes for ./Payload/Motivation.app/Frameworks/FirebaseAnalytics.framework/_CodeSignature/CodeResources
2026-01-01 19:34:35 +0000  copying file ./Payload/Motivation.app/Frameworks/FirebaseAnalytics.framework/FirebaseAnalytics ... 
2026-01-01 19:34:35 +0000  51392 bytes for ./Payload/Motivation.app/Frameworks/FirebaseAnalytics.framework/FirebaseAnalytics
2026-01-01 19:34:35 +0000  copying file ./Payload/Motivation.app/Frameworks/FirebaseAnalytics.framework/Info.plist ... 
2026-01-01 19:34:35 +0000  1545 bytes for ./Payload/Motivation.app/Frameworks/FirebaseAnalytics.framework/Info.plist
2026-01-01 19:34:35 +0000  copying file ./Payload/Motivation.app/Frameworks/GoogleAdsOnDeviceConversion.framework/_CodeSignature/CodeResources ... 
2026-01-01 19:34:35 +0000  1798 bytes for ./Payload/Motivation.app/Frameworks/GoogleAdsOnDeviceConversion.framework/_CodeSignature/CodeResources
2026-01-01 19:34:35 +0000  copying file ./Payload/Motivation.app/Frameworks/GoogleAdsOnDeviceConversion.framework/GoogleAdsOnDeviceConversion ... 
2026-01-01 19:34:35 +0000  51424 bytes for ./Payload/Motivation.app/Frameworks/GoogleAdsOnDeviceConversion.framework/GoogleAdsOnDeviceConversion
2026-01-01 19:34:35 +0000  copying file ./Payload/Motivation.app/Frameworks/GoogleAdsOnDeviceConversion.framework/Info.plist ... 
2026-01-01 19:34:35 +0000  1524 bytes for ./Payload/Motivation.app/Frameworks/GoogleAdsOnDeviceConversion.framework/Info.plist
2026-01-01 19:34:35 +0000  copying file ./Payload/Motivation.app/Frameworks/GoogleAppMeasurementIdentitySupport.framework/_CodeSignature/CodeResources ... 
2026-01-01 19:34:35 +0000  1798 bytes for ./Payload/Motivation.app/Frameworks/GoogleAppMeasurementIdentitySupport.framework/_CodeSignature/CodeResources
2026-01-01 19:34:35 +0000  copying file ./Payload/Motivation.app/Frameworks/GoogleAppMeasurementIdentitySupport.framework/GoogleAppMeasurementIdentitySupport ... 
2026-01-01 19:34:35 +0000  51440 bytes for ./Payload/Motivation.app/Frameworks/GoogleAppMeasurementIdentitySupport.framework/GoogleAppMeasurementIdentitySupport
2026-01-01 19:34:35 +0000  copying file ./Payload/Motivation.app/Frameworks/GoogleAppMeasurementIdentitySupport.framework/Info.plist ... 
2026-01-01 19:34:35 +0000  1599 bytes for ./Payload/Motivation.app/Frameworks/GoogleAppMeasurementIdentitySupport.framework/Info.plist
2026-01-01 19:34:35 +0000  copying file ./Payload/Motivation.app/Motivation.entitlements ... 
2026-01-01 19:34:35 +0000  155 bytes for ./Payload/Motivation.app/Motivation.entitlements
2026-01-01 19:34:35 +0000  copying file ./Payload/Motivation.app/GoogleUtilities_GoogleUtilities-MethodSwizzler.bundle/PrivacyInfo.xcprivacy ... 
2026-01-01 19:34:35 +0000  478 bytes for ./Payload/Motivation.app/GoogleUtilities_GoogleUtilities-MethodSwizzler.bundle/PrivacyInfo.xcprivacy
2026-01-01 19:34:35 +0000  copying file ./Payload/Motivation.app/GoogleUtilities_GoogleUtilities-MethodSwizzler.bundle/Info.plist ... 
2026-01-01 19:34:35 +0000  735 bytes for ./Payload/Motivation.app/GoogleUtilities_GoogleUtilities-MethodSwizzler.bundle/Info.plist
2026-01-01 19:34:35 +0000  copying file ./Payload/Motivation.app/embedded.mobileprovision ... 
2026-01-01 19:34:35 +0000  14294 bytes for ./Payload/Motivation.app/embedded.mobileprovision
2026-01-01 19:34:35 +0000  copying file ./Payload/Motivation.app/Info.plist ... 
2026-01-01 19:34:35 +0000  1358 bytes for ./Payload/Motivation.app/Info.plist
2026-01-01 19:34:35 +0000  copying file ./Payload/Motivation.app/PkgInfo ... 
2026-01-01 19:34:35 +0000  8 bytes for ./Payload/Motivation.app/PkgInfo
2026-01-01 19:34:35 +0000  copying file ./Payload/Motivation.app/Motivation ... 
2026-01-01 19:34:35 +0000  1945936 bytes for ./Payload/Motivation.app/Motivation
2026-01-01 19:34:35 +0000 [MT] /usr/bin/ditto exited with 0
2026-01-01 19:34:35 +0000 [MT] Processing step: IDEDistributionAppStoreInformationStep
2026-01-01 19:34:35 +0000 [MT] Skipping step: IDEDistributionAppStoreInformationStep because it said so
2026-01-01 19:34:35 +0000 [MT] Processing step: IDEDistributionGenerateProcessedDistributionItems
2026-01-01 19:34:35 +0000 [MT] IDEDistributionItem init <DVTFilePath:0xc1ff32300:'/var/folders/85/tt_xwj5s3g9_qh1c2tq5fjzm0000gn/T/XcodeDistPipeline.~~~Sjqeqc/Root/Payload/Motivation.app/Frameworks/FirebaseAnalytics.framework'>
2026-01-01 19:34:35 +0000 [MT] IDEDistributionItem init <DVTFilePath:0xc1d958f80:'/var/folders/85/tt_xwj5s3g9_qh1c2tq5fjzm0000gn/T/XcodeDistPipeline.~~~Sjqeqc/Root/Payload/Motivation.app/Frameworks/GoogleAdsOnDeviceConversion.framework'>
2026-01-01 19:34:35 +0000 [MT] IDEDistributionItem init <DVTFilePath:0xc1d958300:'/var/folders/85/tt_xwj5s3g9_qh1c2tq5fjzm0000gn/T/XcodeDistPipeline.~~~Sjqeqc/Root/Payload/Motivation.app/Frameworks/GoogleAppMeasurementIdentitySupport.framework'>
2026-01-01 19:34:35 +0000 [MT] IDEDistributionItem init <DVTFilePath:0xc1ff32140:'/var/folders/85/tt_xwj5s3g9_qh1c2tq5fjzm0000gn/T/XcodeDistPipeline.~~~Sjqeqc/Root/Payload/Motivation.app/Frameworks/GoogleAppMeasurement.framework'>
2026-01-01 19:34:35 +0000 [MT] IDEDistributionItem init <DVTFilePath:0xc1d868a80:'/var/folders/85/tt_xwj5s3g9_qh1c2tq5fjzm0000gn/T/XcodeDistPipeline.~~~Sjqeqc/Root/Payload/Motivation.app'>
2026-01-01 19:34:35 +0000 [MT] Processing step: IDEDistributionCreateManifestStep
